<?xml version="1.0" encoding="UTF-8"?>
<!-- Generated by org.testng.reporters.JUnitXMLReporter -->
<testsuite ignored="1" hostname="pavi" failures="0" tests="3" name="Test" time="69.631" errors="0" timestamp="2024-09-19T07:44:06 IST">
  <testcase classname="infosys_web_app.Home_Page" name="actions" time="12.089"/>
  <testcase classname="infosys_web_app.Registration_page" name="Actions" time="3.09"/>
  <testcase classname="infosys_web_app.Sign_in_page" name="actions" time="5.879"/>
  <testcase classname="infosys_web_app.Registration_page" name="ignore" time="0.0">
    <ignored/>
  </testcase> <!-- ignore -->
</testsuite> <!-- Test -->
