<?xml version="1.0" encoding="UTF-8"?>
<testng-results ignored="0" total="3" passed="3" failed="0" skipped="0">
  <reporter-output>
  </reporter-output>
  <suite started-at="2024-09-19T07:42:56 IST" name="Suite" finished-at="2024-09-19T07:44:06 IST" duration-ms="69631">
    <groups>
    </groups>
    <test started-at="2024-09-19T07:42:56 IST" name="Test" finished-at="2024-09-19T07:44:06 IST" duration-ms="69631">
      <class name="infosys_web_app.Sign_in_page">
        <test-method is-config="true" signature="openApp()[pri:0, instance:infosys_web_app.Sign_in_page@72035809]" started-at="2024-09-19T07:43:44 IST" name="openApp" finished-at="2024-09-19T07:43:52 IST" duration-ms="8331" status="PASS">
          <reporter-output>
          </reporter-output>
        </test-method> <!-- openApp -->
        <test-method signature="actions()[pri:0, instance:infosys_web_app.Sign_in_page@72035809]" started-at="2024-09-19T07:43:52 IST" name="actions" finished-at="2024-09-19T07:43:58 IST" duration-ms="5879" status="PASS">
          <reporter-output>
          </reporter-output>
        </test-method> <!-- actions -->
        <test-method is-config="true" signature="close()[pri:0, instance:infosys_web_app.Sign_in_page@72035809]" started-at="2024-09-19T07:43:58 IST" name="close" finished-at="2024-09-19T07:44:04 IST" duration-ms="6737" status="PASS">
          <reporter-output>
          </reporter-output>
        </test-method> <!-- close -->
      </class> <!-- infosys_web_app.Sign_in_page -->
      <class name="infosys_web_app.Registration_page">
        <test-method is-config="true" signature="openApp()[pri:0, instance:infosys_web_app.Registration_page@5afa3c9]" started-at="2024-09-19T07:43:22 IST" name="openApp" finished-at="2024-09-19T07:43:40 IST" duration-ms="17258" status="PASS">
          <reporter-output>
          </reporter-output>
        </test-method> <!-- openApp -->
        <test-method signature="Actions()[pri:1, instance:infosys_web_app.Registration_page@5afa3c9]" started-at="2024-09-19T07:43:40 IST" name="Actions" finished-at="2024-09-19T07:43:43 IST" duration-ms="3090" status="PASS">
          <reporter-output>
          </reporter-output>
        </test-method> <!-- Actions -->
        <test-method is-config="true" signature="close()[pri:0, instance:infosys_web_app.Registration_page@5afa3c9]" started-at="2024-09-19T07:43:43 IST" name="close" finished-at="2024-09-19T07:43:44 IST" duration-ms="762" status="PASS">
          <reporter-output>
          </reporter-output>
        </test-method> <!-- close -->
      </class> <!-- infosys_web_app.Registration_page -->
      <class name="infosys_web_app.Home_Page">
        <test-method is-config="true" signature="openApp()[pri:0, instance:infosys_web_app.Home_Page@28261e8e]" started-at="2024-09-19T07:42:56 IST" name="openApp" finished-at="2024-09-19T07:43:10 IST" duration-ms="13997" status="PASS">
          <reporter-output>
          </reporter-output>
        </test-method> <!-- openApp -->
        <test-method signature="actions()[pri:2, instance:infosys_web_app.Home_Page@28261e8e]" started-at="2024-09-19T07:43:10 IST" name="actions" finished-at="2024-09-19T07:43:22 IST" duration-ms="12089" status="PASS">
          <reporter-output>
          </reporter-output>
        </test-method> <!-- actions -->
        <test-method is-config="true" signature="closeApp()[pri:0, instance:infosys_web_app.Home_Page@28261e8e]" started-at="2024-09-19T07:44:04 IST" name="closeApp" finished-at="2024-09-19T07:44:06 IST" duration-ms="1232" status="PASS">
          <reporter-output>
          </reporter-output>
        </test-method> <!-- closeApp -->
      </class> <!-- infosys_web_app.Home_Page -->
    </test> <!-- Test -->
  </suite> <!-- Suite -->
</testng-results>
