<?xml version="1.0" encoding="UTF-8"?>
<testng-results ignored="0" total="3" passed="3" failed="0" skipped="0">
  <reporter-output>
  </reporter-output>
  <suite started-at="2024-09-19T07:34:07 IST" name="Suite" finished-at="2024-09-19T07:35:21 IST" duration-ms="74021">
    <groups>
    </groups>
    <test started-at="2024-09-19T07:34:07 IST" name="Test" finished-at="2024-09-19T07:35:21 IST" duration-ms="74021">
      <class name="infosys_web_app.Sign_in_page">
        <test-method is-config="true" signature="openApp()[pri:0, instance:infosys_web_app.Sign_in_page@72035809]" started-at="2024-09-19T07:34:54 IST" name="openApp" finished-at="2024-09-19T07:35:02 IST" duration-ms="8055" status="PASS">
          <reporter-output>
          </reporter-output>
        </test-method> <!-- openApp -->
        <test-method signature="actions()[pri:0, instance:infosys_web_app.Sign_in_page@72035809]" started-at="2024-09-19T07:35:02 IST" name="actions" finished-at="2024-09-19T07:35:08 IST" duration-ms="6064" status="PASS">
          <reporter-output>
          </reporter-output>
        </test-method> <!-- actions -->
        <test-method is-config="true" signature="close()[pri:0, instance:infosys_web_app.Sign_in_page@72035809]" started-at="2024-09-19T07:35:08 IST" name="close" finished-at="2024-09-19T07:35:17 IST" duration-ms="8877" status="PASS">
          <reporter-output>
          </reporter-output>
        </test-method> <!-- close -->
      </class> <!-- infosys_web_app.Sign_in_page -->
      <class name="infosys_web_app.Registration_page">
        <test-method is-config="true" signature="openApp()[pri:0, instance:infosys_web_app.Registration_page@5afa3c9]" started-at="2024-09-19T07:34:32 IST" name="openApp" finished-at="2024-09-19T07:34:50 IST" duration-ms="17412" status="PASS">
          <reporter-output>
          </reporter-output>
        </test-method> <!-- openApp -->
        <test-method signature="Actions()[pri:1, instance:infosys_web_app.Registration_page@5afa3c9]" started-at="2024-09-19T07:34:50 IST" name="Actions" finished-at="2024-09-19T07:34:53 IST" duration-ms="3247" status="PASS">
          <reporter-output>
          </reporter-output>
        </test-method> <!-- Actions -->
        <test-method is-config="true" signature="close()[pri:0, instance:infosys_web_app.Registration_page@5afa3c9]" started-at="2024-09-19T07:34:53 IST" name="close" finished-at="2024-09-19T07:34:54 IST" duration-ms="1160" status="PASS">
          <reporter-output>
          </reporter-output>
        </test-method> <!-- close -->
      </class> <!-- infosys_web_app.Registration_page -->
      <class name="infosys_web_app.Home_Page">
        <test-method is-config="true" signature="openApp()[pri:0, instance:infosys_web_app.Home_Page@28261e8e]" started-at="2024-09-19T07:34:07 IST" name="openApp" finished-at="2024-09-19T07:34:19 IST" duration-ms="12092" status="PASS">
          <reporter-output>
          </reporter-output>
        </test-method> <!-- openApp -->
        <test-method signature="actions()[pri:2, instance:infosys_web_app.Home_Page@28261e8e]" started-at="2024-09-19T07:34:20 IST" name="actions" finished-at="2024-09-19T07:34:32 IST" duration-ms="12830" status="PASS">
          <reporter-output>
          </reporter-output>
        </test-method> <!-- actions -->
        <test-method is-config="true" signature="closeApp()[pri:0, instance:infosys_web_app.Home_Page@28261e8e]" started-at="2024-09-19T07:35:17 IST" name="closeApp" finished-at="2024-09-19T07:35:21 IST" duration-ms="4069" status="PASS">
          <reporter-output>
          </reporter-output>
        </test-method> <!-- closeApp -->
      </class> <!-- infosys_web_app.Home_Page -->
    </test> <!-- Test -->
  </suite> <!-- Suite -->
</testng-results>
